# JRE version: OpenJDK Runtime Environment (8.0_162-b12) (build 1.8.0_162-8u162-b12-1-b12)
# Java VM: OpenJDK 64-Bit Server VM (25.162-b12 mixed mode linux-amd64 compressed oops)
Heap:
 PSYoungGen      total 358912K, used 162145K [0x00000000d9580000, 0x00000000ffd00000, 0x0000000100000000)
  eden space 147968K, 0% used [0x00000000d9580000,0x00000000d9580000,0x00000000e2600000)
  from space 210944K, 76% used [0x00000000e2600000,0x00000000ec458600,0x00000000ef400000)
  to   space 210944K, 0% used [0x00000000f2f00000,0x00000000f2f00000,0x00000000ffd00000)
 ParOldGen       total 775168K, used 775041K [0x000000008c000000, 0x00000000bb500000, 0x00000000d9580000)
  object space 775168K, 99% used [0x000000008c000000,0x00000000bb4e05e0,0x00000000bb500000)
 Metaspace       used 3817K, capacity 4710K, committed 4864K, reserved 1056768K
  class space    used 414K, capacity 462K, committed 512K, reserved 1048576K
GC Heap History (10 events):
Event: 14,861 GC heap after
Heap after GC invocations=11 (full 3):
 PSYoungGen      total 282112K, used 166400K [0x00000000d9580000, 0x00000000fd880000, 0x0000000100000000)
  eden space 115712K, 0% used [0x00000000d9580000,0x00000000d9580000,0x00000000e0680000)
  from space 166400K, 100% used [0x00000000ed480000,0x00000000f7700000,0x00000000f7700000)
  to   space 210944K, 0% used [0x00000000e0680000,0x00000000e0680000,0x00000000ed480000)
 ParOldGen       total 483328K, used 392113K [0x000000008c000000, 0x00000000a9800000, 0x00000000d9580000)
  object space 483328K, 81% used [0x000000008c000000,0x00000000a3eec578,0x00000000a9800000)
 Metaspace       used 3817K, capacity 4710K, committed 4864K, reserved 1056768K
  class space    used 414K, capacity 462K, committed 512K, reserved 1048576K
}
Event: 14,861 GC heap before
{Heap before GC invocations=12 (full 4):
 PSYoungGen      total 282112K, used 166400K [0x00000000d9580000, 0x00000000fd880000, 0x0000000100000000)
  eden space 115712K, 0% used [0x00000000d9580000,0x00000000d9580000,0x00000000e0680000)
  from space 166400K, 100% used [0x00000000ed480000,0x00000000f7700000,0x00000000f7700000)
  to   space 210944K, 0% used [0x00000000e0680000,0x00000000e0680000,0x00000000ed480000)
 ParOldGen       total 483328K, used 392113K [0x000000008c000000, 0x00000000a9800000, 0x00000000d9580000)
  object space 483328K, 81% used [0x000000008c000000,0x00000000a3eec578,0x00000000a9800000)
 Metaspace       used 3817K, capacity 4710K, committed 4864K, reserved 1056768K
  class space    used 414K, capacity 462K, committed 512K, reserved 1048576K
Event: 22,072 GC heap after
Heap after GC invocations=12 (full 4):
 PSYoungGen      total 282112K, used 74679K [0x00000000d9580000, 0x00000000fd880000, 0x0000000100000000)
  eden space 115712K, 0% used [0x00000000d9580000,0x00000000d9580000,0x00000000e0680000)
  from space 166400K, 44% used [0x00000000ed480000,0x00000000f1d6dc00,0x00000000f7700000)
  to   space 210944K, 0% used [0x00000000e0680000,0x00000000e0680000,0x00000000ed480000)
 ParOldGen       total 775168K, used 483119K [0x000000008c000000, 0x00000000bb500000, 0x00000000d9580000)
  object space 775168K, 62% used [0x000000008c000000,0x00000000a97cbcb8,0x00000000bb500000)
 Metaspace       used 3817K, capacity 4710K, committed 4864K, reserved 1056768K
  class space    used 414K, capacity 462K, committed 512K, reserved 1048576K
}
Event: 22,220 GC heap before
{Heap before GC invocations=13 (full 4):
 PSYoungGen      total 282112K, used 190391K [0x00000000d9580000, 0x00000000fd880000, 0x0000000100000000)
  eden space 115712K, 100% used [0x00000000d9580000,0x00000000e0680000,0x00000000e0680000)
  from space 166400K, 44% used [0x00000000ed480000,0x00000000f1d6dc00,0x00000000f7700000)
  to   space 210944K, 0% used [0x00000000e0680000,0x00000000e0680000,0x00000000ed480000)
 ParOldGen       total 775168K, used 483119K [0x000000008c000000, 0x00000000bb500000, 0x00000000d9580000)
  object space 775168K, 62% used [0x000000008c000000,0x00000000a97cbcb8,0x00000000bb500000)
 Metaspace       used 3817K, capacity 4710K, committed 4864K, reserved 1056768K
  class space    used 414K, capacity 462K, committed 512K, reserved 1048576K
Event: 22,950 GC heap after
Heap after GC invocations=13 (full 4):
 PSYoungGen      total 326656K, used 190656K [0x00000000d9580000, 0x00000000fc200000, 0x0000000100000000)
  eden space 115712K, 0% used [0x00000000d9580000,0x00000000d9580000,0x00000000e0680000)
  from space 210944K, 90% used [0x00000000e0680000,0x00000000ec0b0000,0x00000000ed480000)
  to   space 210944K, 0% used [0x00000000ef400000,0x00000000ef400000,0x00000000fc200000)
 ParOldGen       total 775168K, used 483119K [0x000000008c000000, 0x00000000bb500000, 0x00000000d9580000)
  object space 775168K, 62% used [0x000000008c000000,0x00000000a97cbcb8,0x00000000bb500000)
 Metaspace       used 3817K, capacity 4710K, committed 4864K, reserved 1056768K
  class space    used 414K, capacity 462K, committed 512K, reserved 1048576K
}
Event: 23,092 GC heap before
{Heap before GC invocations=14 (full 4):
 PSYoungGen      total 326656K, used 306368K [0x00000000d9580000, 0x00000000fc200000, 0x0000000100000000)
  eden space 115712K, 100% used [0x00000000d9580000,0x00000000e0680000,0x00000000e0680000)
  from space 210944K, 90% used [0x00000000e0680000,0x00000000ec0b0000,0x00000000ed480000)
  to   space 210944K, 0% used [0x00000000ef400000,0x00000000ef400000,0x00000000fc200000)
 ParOldGen       total 775168K, used 483119K [0x000000008c000000, 0x00000000bb500000, 0x00000000d9580000)
  object space 775168K, 62% used [0x000000008c000000,0x00000000a97cbcb8,0x00000000bb500000)
 Metaspace       used 3817K, capacity 4710K, committed 4864K, reserved 1056768K
  class space    used 414K, capacity 462K, committed 512K, reserved 1048576K
Event: 27,827 GC heap after
Heap after GC invocations=14 (full 4):
 PSYoungGen      total 358912K, used 210944K [0x00000000d9580000, 0x00000000fcb00000, 0x0000000100000000)
  eden space 147968K, 0% used [0x00000000d9580000,0x00000000d9580000,0x00000000e2600000)
  from space 210944K, 100% used [0x00000000ef400000,0x00000000fc200000,0x00000000fc200000)
  to   space 210944K, 0% used [0x00000000e2600000,0x00000000e2600000,0x00000000ef400000)
 ParOldGen       total 775168K, used 578879K [0x000000008c000000, 0x00000000bb500000, 0x00000000d9580000)
  object space 775168K, 74% used [0x000000008c000000,0x00000000af54fcb8,0x00000000bb500000)
 Metaspace       used 3817K, capacity 4710K, committed 4864K, reserved 1056768K
  class space    used 414K, capacity 462K, committed 512K, reserved 1048576K
}
Event: 27,992 GC heap before
{Heap before GC invocations=15 (full 4):
 PSYoungGen      total 358912K, used 358912K [0x00000000d9580000, 0x00000000fcb00000, 0x0000000100000000)
  eden space 147968K, 100% used [0x00000000d9580000,0x00000000e2600000,0x00000000e2600000)
  from space 210944K, 100% used [0x00000000ef400000,0x00000000fc200000,0x00000000fc200000)
  to   space 210944K, 0% used [0x00000000e2600000,0x00000000e2600000,0x00000000ef400000)
 ParOldGen       total 775168K, used 578879K [0x000000008c000000, 0x00000000bb500000, 0x00000000d9580000)
  object space 775168K, 74% used [0x000000008c000000,0x00000000af54fcb8,0x00000000bb500000)
 Metaspace       used 3817K, capacity 4710K, committed 4864K, reserved 1056768K
  class space    used 414K, capacity 462K, committed 512K, reserved 1048576K
Event: 32,547 GC heap after
Heap after GC invocations=15 (full 4):
 PSYoungGen      total 358912K, used 210944K [0x00000000d9580000, 0x00000000ffd00000, 0x0000000100000000)
  eden space 147968K, 0% used [0x00000000d9580000,0x00000000d9580000,0x00000000e2600000)
  from space 210944K, 100% used [0x00000000e2600000,0x00000000ef400000,0x00000000ef400000)
  to   space 210944K, 0% used [0x00000000f2f00000,0x00000000f2f00000,0x00000000ffd00000)
 ParOldGen       total 775168K, used 727447K [0x000000008c000000, 0x00000000bb500000, 0x00000000d9580000)
  object space 775168K, 93% used [0x000000008c000000,0x00000000b8665cb8,0x00000000bb500000)
 Metaspace       used 3817K, capacity 4710K, committed 4864K, reserved 1056768K
  class space    used 414K, capacity 462K, committed 512K, reserved 1048576K
}
Event: 32,955 GC heap before
{Heap before GC invocations=16 (full 5):
 PSYoungGen      total 358912K, used 210944K [0x00000000d9580000, 0x00000000ffd00000, 0x0000000100000000)
  eden space 147968K, 0% used [0x00000000d9580000,0x00000000d9580000,0x00000000e2600000)
  from space 210944K, 100% used [0x00000000e2600000,0x00000000ef400000,0x00000000ef400000)
  to   space 210944K, 0% used [0x00000000f2f00000,0x00000000f2f00000,0x00000000ffd00000)
 ParOldGen       total 775168K, used 727447K [0x000000008c000000, 0x00000000bb500000, 0x00000000d9580000)
  object space 775168K, 93% used [0x000000008c000000,0x00000000b8665cb8,0x00000000bb500000)
 Metaspace       used 3817K, capacity 4710K, committed 4864K, reserved 1056768K
  class space    used 414K, capacity 462K, committed 512K, reserved 1048576K

