# JRE version: OpenJDK Runtime Environment (8.0_162-b12) (build 1.8.0_162-8u162-b12-1-b12)
# Java VM: OpenJDK 64-Bit Server VM (25.162-b12 mixed mode linux-amd64 compressed oops)
Heap:
 PSYoungGen      total 65024K, used 0K [0x00000000d9580000, 0x00000000dd980000, 0x0000000100000000)
  eden space 60416K, 0% used [0x00000000d9580000,0x00000000d9580000,0x00000000dd080000)
  from space 4608K, 0% used [0x00000000dd500000,0x00000000dd500000,0x00000000dd980000)
  to   space 4608K, 0% used [0x00000000dd080000,0x00000000dd080000,0x00000000dd500000)
 ParOldGen       total 79360K, used 58266K [0x000000008c000000, 0x0000000090d80000, 0x00000000d9580000)
  object space 79360K, 73% used [0x000000008c000000,0x000000008f8e6b28,0x0000000090d80000)
 Metaspace       used 3830K, capacity 4710K, committed 4864K, reserved 1056768K
  class space    used 415K, capacity 461K, committed 512K, reserved 1048576K
GC Heap History (5 events):
Event: 6,213 GC heap before
{Heap before GC invocations=1 (full 0):
 PSYoungGen      total 34816K, used 30208K [0x00000000d9580000, 0x00000000dbc00000, 0x0000000100000000)
  eden space 30208K, 100% used [0x00000000d9580000,0x00000000db300000,0x00000000db300000)
  from space 4608K, 0% used [0x00000000db780000,0x00000000db780000,0x00000000dbc00000)
  to   space 4608K, 0% used [0x00000000db300000,0x00000000db300000,0x00000000db780000)
 ParOldGen       total 79360K, used 0K [0x000000008c000000, 0x0000000090d80000, 0x00000000d9580000)
  object space 79360K, 0% used [0x000000008c000000,0x000000008c000000,0x0000000090d80000)
 Metaspace       used 3829K, capacity 4710K, committed 4864K, reserved 1056768K
  class space    used 415K, capacity 461K, committed 512K, reserved 1048576K
Event: 6,566 GC heap after
Heap after GC invocations=1 (full 0):
 PSYoungGen      total 34816K, used 4608K [0x00000000d9580000, 0x00000000dd980000, 0x0000000100000000)
  eden space 30208K, 0% used [0x00000000d9580000,0x00000000d9580000,0x00000000db300000)
  from space 4608K, 100% used [0x00000000db300000,0x00000000db780000,0x00000000db780000)
  to   space 4608K, 0% used [0x00000000dd500000,0x00000000dd500000,0x00000000dd980000)
 ParOldGen       total 79360K, used 23592K [0x000000008c000000, 0x0000000090d80000, 0x00000000d9580000)
  object space 79360K, 29% used [0x000000008c000000,0x000000008d70a000,0x0000000090d80000)
 Metaspace       used 3829K, capacity 4710K, committed 4864K, reserved 1056768K
  class space    used 415K, capacity 461K, committed 512K, reserved 1048576K
}
Event: 6,639 GC heap before
{Heap before GC invocations=2 (full 0):
 PSYoungGen      total 34816K, used 34816K [0x00000000d9580000, 0x00000000dd980000, 0x0000000100000000)
  eden space 30208K, 100% used [0x00000000d9580000,0x00000000db300000,0x00000000db300000)
  from space 4608K, 100% used [0x00000000db300000,0x00000000db780000,0x00000000db780000)
  to   space 4608K, 0% used [0x00000000dd500000,0x00000000dd500000,0x00000000dd980000)
 ParOldGen       total 79360K, used 23592K [0x000000008c000000, 0x0000000090d80000, 0x00000000d9580000)
  object space 79360K, 29% used [0x000000008c000000,0x000000008d70a000,0x0000000090d80000)
 Metaspace       used 3830K, capacity 4710K, committed 4864K, reserved 1056768K
  class space    used 415K, capacity 461K, committed 512K, reserved 1048576K
Event: 7,603 GC heap after
Heap after GC invocations=2 (full 0):
 PSYoungGen      total 65024K, used 4576K [0x00000000d9580000, 0x00000000dd980000, 0x0000000100000000)
  eden space 60416K, 0% used [0x00000000d9580000,0x00000000d9580000,0x00000000dd080000)
  from space 4608K, 99% used [0x00000000dd500000,0x00000000dd978020,0x00000000dd980000)
  to   space 4608K, 0% used [0x00000000dd080000,0x00000000dd080000,0x00000000dd500000)
 ParOldGen       total 79360K, used 53960K [0x000000008c000000, 0x0000000090d80000, 0x00000000d9580000)
  object space 79360K, 67% used [0x000000008c000000,0x000000008f4b2000,0x0000000090d80000)
 Metaspace       used 3830K, capacity 4710K, committed 4864K, reserved 1056768K
  class space    used 415K, capacity 461K, committed 512K, reserved 1048576K
}
Event: 7,603 GC heap before
{Heap before GC invocations=3 (full 1):
 PSYoungGen      total 65024K, used 4576K [0x00000000d9580000, 0x00000000dd980000, 0x0000000100000000)
  eden space 60416K, 0% used [0x00000000d9580000,0x00000000d9580000,0x00000000dd080000)
  from space 4608K, 99% used [0x00000000dd500000,0x00000000dd978020,0x00000000dd980000)
  to   space 4608K, 0% used [0x00000000dd080000,0x00000000dd080000,0x00000000dd500000)
 ParOldGen       total 79360K, used 53960K [0x000000008c000000, 0x0000000090d80000, 0x00000000d9580000)
  object space 79360K, 67% used [0x000000008c000000,0x000000008f4b2000,0x0000000090d80000)
 Metaspace       used 3830K, capacity 4710K, committed 4864K, reserved 1056768K
  class space    used 415K, capacity 461K, committed 512K, reserved 1048576K

