# JRE version: OpenJDK Runtime Environment (8.0_162-b12) (build 1.8.0_162-8u162-b12-1-b12)
# Java VM: OpenJDK 64-Bit Server VM (25.162-b12 mixed mode linux-amd64 compressed oops)
Heap:
 PSYoungGen      total 336896K, used 195904K [0x00000000d9580000, 0x00000000fde80000, 0x0000000100000000)
  eden space 125952K, 0% used [0x00000000d9580000,0x00000000d9580000,0x00000000e1080000)
  from space 210944K, 92% used [0x00000000e1080000,0x00000000ecfd0200,0x00000000ede80000)
  to   space 210944K, 0% used [0x00000000f1080000,0x00000000f1080000,0x00000000fde80000)
 ParOldGen       total 497664K, used 497568K [0x000000008c000000, 0x00000000aa600000, 0x00000000d9580000)
  object space 497664K, 99% used [0x000000008c000000,0x00000000aa5e8058,0x00000000aa600000)
 Metaspace       used 3826K, capacity 4710K, committed 4864K, reserved 1056768K
  class space    used 412K, capacity 461K, committed 512K, reserved 1048576K
GC Heap History (10 events):
Event: 25,219 GC heap after
Heap after GC invocations=8 (full 3):
 PSYoungGen      total 91136K, used 0K [0x00000000d9580000, 0x00000000ec900000, 0x0000000100000000)
  eden space 86528K, 0% used [0x00000000d9580000,0x00000000d9580000,0x00000000dea00000)
  from space 4608K, 0% used [0x00000000dea00000,0x00000000dea00000,0x00000000dee80000)
  to   space 96256K, 0% used [0x00000000e6b00000,0x00000000e6b00000,0x00000000ec900000)
 ParOldGen       total 497664K, used 259813K [0x000000008c000000, 0x00000000aa600000, 0x00000000d9580000)
  object space 497664K, 52% used [0x000000008c000000,0x000000009bdb9700,0x00000000aa600000)
 Metaspace       used 3826K, capacity 4710K, committed 4864K, reserved 1056768K
  class space    used 412K, capacity 461K, committed 512K, reserved 1048576K
}
Event: 25,417 GC heap before
{Heap before GC invocations=9 (full 3):
 PSYoungGen      total 91136K, used 86528K [0x00000000d9580000, 0x00000000ec900000, 0x0000000100000000)
  eden space 86528K, 100% used [0x00000000d9580000,0x00000000dea00000,0x00000000dea00000)
  from space 4608K, 0% used [0x00000000dea00000,0x00000000dea00000,0x00000000dee80000)
  to   space 96256K, 0% used [0x00000000e6b00000,0x00000000e6b00000,0x00000000ec900000)
 ParOldGen       total 497664K, used 259813K [0x000000008c000000, 0x00000000aa600000, 0x00000000d9580000)
  object space 497664K, 52% used [0x000000008c000000,0x000000009bdb9700,0x00000000aa600000)
 Metaspace       used 3826K, capacity 4710K, committed 4864K, reserved 1056768K
  class space    used 412K, capacity 461K, committed 512K, reserved 1048576K
Event: 26,385 GC heap after
Heap after GC invocations=9 (full 3):
 PSYoungGen      total 206848K, used 86720K [0x00000000d9580000, 0x00000000edd80000, 0x0000000100000000)
  eden space 110592K, 0% used [0x00000000d9580000,0x00000000d9580000,0x00000000e0180000)
  from space 96256K, 90% used [0x00000000e6b00000,0x00000000ebfb0000,0x00000000ec900000)
  to   space 108032K, 0% used [0x00000000e0180000,0x00000000e0180000,0x00000000e6b00000)
 ParOldGen       total 497664K, used 259813K [0x000000008c000000, 0x00000000aa600000, 0x00000000d9580000)
  object space 497664K, 52% used [0x000000008c000000,0x000000009bdb9700,0x00000000aa600000)
 Metaspace       used 3826K, capacity 4710K, committed 4864K, reserved 1056768K
  class space    used 412K, capacity 461K, committed 512K, reserved 1048576K
}
Event: 26,671 GC heap before
{Heap before GC invocations=10 (full 3):
 PSYoungGen      total 206848K, used 197312K [0x00000000d9580000, 0x00000000edd80000, 0x0000000100000000)
  eden space 110592K, 100% used [0x00000000d9580000,0x00000000e0180000,0x00000000e0180000)
  from space 96256K, 90% used [0x00000000e6b00000,0x00000000ebfb0000,0x00000000ec900000)
  to   space 108032K, 0% used [0x00000000e0180000,0x00000000e0180000,0x00000000e6b00000)
 ParOldGen       total 497664K, used 259813K [0x000000008c000000, 0x00000000aa600000, 0x00000000d9580000)
  object space 497664K, 52% used [0x000000008c000000,0x000000009bdb9700,0x00000000aa600000)
 Metaspace       used 3826K, capacity 4710K, committed 4864K, reserved 1056768K
  class space    used 412K, capacity 461K, committed 512K, reserved 1048576K
Event: 28,541 GC heap after
Heap after GC invocations=10 (full 3):
 PSYoungGen      total 218624K, used 108032K [0x00000000d9580000, 0x00000000f8500000, 0x0000000100000000)
  eden space 110592K, 0% used [0x00000000d9580000,0x00000000d9580000,0x00000000e0180000)
  from space 108032K, 100% used [0x00000000e0180000,0x00000000e6b00000,0x00000000e6b00000)
  to   space 170496K, 0% used [0x00000000ede80000,0x00000000ede80000,0x00000000f8500000)
 ParOldGen       total 497664K, used 349373K [0x000000008c000000, 0x00000000aa600000, 0x00000000d9580000)
  object space 497664K, 70% used [0x000000008c000000,0x00000000a152f700,0x00000000aa600000)
 Metaspace       used 3826K, capacity 4710K, committed 4864K, reserved 1056768K
  class space    used 412K, capacity 461K, committed 512K, reserved 1048576K
}
Event: 28,803 GC heap before
{Heap before GC invocations=11 (full 3):
 PSYoungGen      total 218624K, used 218624K [0x00000000d9580000, 0x00000000f8500000, 0x0000000100000000)
  eden space 110592K, 100% used [0x00000000d9580000,0x00000000e0180000,0x00000000e0180000)
  from space 108032K, 100% used [0x00000000e0180000,0x00000000e6b00000,0x00000000e6b00000)
  to   space 170496K, 0% used [0x00000000ede80000,0x00000000ede80000,0x00000000f8500000)
 ParOldGen       total 497664K, used 349373K [0x000000008c000000, 0x00000000aa600000, 0x00000000d9580000)
  object space 497664K, 70% used [0x000000008c000000,0x00000000a152f700,0x00000000aa600000)
 Metaspace       used 3826K, capacity 4710K, committed 4864K, reserved 1056768K
  class space    used 412K, capacity 461K, committed 512K, reserved 1048576K
Event: 30,423 GC heap after
Heap after GC invocations=11 (full 3):
 PSYoungGen      total 296448K, used 170496K [0x00000000d9580000, 0x00000000fde00000, 0x0000000100000000)
  eden space 125952K, 0% used [0x00000000d9580000,0x00000000d9580000,0x00000000e1080000)
  from space 170496K, 100% used [0x00000000ede80000,0x00000000f8500000,0x00000000f8500000)
  to   space 210944K, 0% used [0x00000000e1080000,0x00000000e1080000,0x00000000ede80000)
 ParOldGen       total 497664K, used 397757K [0x000000008c000000, 0x00000000aa600000, 0x00000000d9580000)
  object space 497664K, 79% used [0x000000008c000000,0x00000000a446f700,0x00000000aa600000)
 Metaspace       used 3826K, capacity 4710K, committed 4864K, reserved 1056768K
  class space    used 412K, capacity 461K, committed 512K, reserved 1048576K
}
Event: 30,694 GC heap before
{Heap before GC invocations=12 (full 3):
 PSYoungGen      total 296448K, used 296448K [0x00000000d9580000, 0x00000000fde00000, 0x0000000100000000)
  eden space 125952K, 100% used [0x00000000d9580000,0x00000000e1080000,0x00000000e1080000)
  from space 170496K, 100% used [0x00000000ede80000,0x00000000f8500000,0x00000000f8500000)
  to   space 210944K, 0% used [0x00000000e1080000,0x00000000e1080000,0x00000000ede80000)
 ParOldGen       total 497664K, used 397757K [0x000000008c000000, 0x00000000aa600000, 0x00000000d9580000)
  object space 497664K, 79% used [0x000000008c000000,0x00000000a446f700,0x00000000aa600000)
 Metaspace       used 3826K, capacity 4710K, committed 4864K, reserved 1056768K
  class space    used 412K, capacity 461K, committed 512K, reserved 1048576K
Event: 33,144 GC heap after
Heap after GC invocations=12 (full 3):
 PSYoungGen      total 336896K, used 210944K [0x00000000d9580000, 0x00000000fde80000, 0x0000000100000000)
  eden space 125952K, 0% used [0x00000000d9580000,0x00000000d9580000,0x00000000e1080000)
  from space 210944K, 100% used [0x00000000e1080000,0x00000000ede80000,0x00000000ede80000)
  to   space 210944K, 0% used [0x00000000f1080000,0x00000000f1080000,0x00000000fde80000)
 ParOldGen       total 497664K, used 483653K [0x000000008c000000, 0x00000000aa600000, 0x00000000d9580000)
  object space 497664K, 97% used [0x000000008c000000,0x00000000a9851700,0x00000000aa600000)
 Metaspace       used 3826K, capacity 4710K, committed 4864K, reserved 1056768K
  class space    used 412K, capacity 461K, committed 512K, reserved 1048576K
}
Event: 33,144 GC heap before
{Heap before GC invocations=13 (full 4):
 PSYoungGen      total 336896K, used 210944K [0x00000000d9580000, 0x00000000fde80000, 0x0000000100000000)
  eden space 125952K, 0% used [0x00000000d9580000,0x00000000d9580000,0x00000000e1080000)
  from space 210944K, 100% used [0x00000000e1080000,0x00000000ede80000,0x00000000ede80000)
  to   space 210944K, 0% used [0x00000000f1080000,0x00000000f1080000,0x00000000fde80000)
 ParOldGen       total 497664K, used 483653K [0x000000008c000000, 0x00000000aa600000, 0x00000000d9580000)
  object space 497664K, 97% used [0x000000008c000000,0x00000000a9851700,0x00000000aa600000)
 Metaspace       used 3826K, capacity 4710K, committed 4864K, reserved 1056768K
  class space    used 412K, capacity 461K, committed 512K, reserved 1048576K

